Arguments: 
  /home/joseonofre/.nvm/versions/node/v14.17.0/bin/node /home/joseonofre/.nvm/versions/node/v14.17.0/bin/yarn publish

PATH: 
  /home/joseonofre/.nvm/versions/node/v14.17.0/bin:/usr/local/sbin:/usr/local/bin:/usr/sbin:/usr/bin:/sbin:/bin:/usr/games:/usr/local/games:/mnt/c/WINDOWS/system32:/mnt/c/WINDOWS:/mnt/c/WINDOWS/System32/Wbem:/mnt/c/WINDOWS/System32/WindowsPowerShell/v1.0/:/mnt/c/WINDOWS/System32/OpenSSH/:/mnt/c/Program Files/Docker/Docker/resources/bin:/mnt/c/ProgramData/DockerDesktop/version-bin:/mnt/c/Program Files/Git/cmd:/mnt/c/Program Files/MySQL/MySQL Shell 8.0/bin/:/mnt/c/Users/esojn/AppData/Local/Microsoft/WindowsApps:/mnt/c/Users/esojn/AppData/Local/Programs/Microsoft VS Code/bin:/snap/bin

Yarn version: 
  1.22.10

Node version: 
  14.17.0

Platform: 
  linux x64

Trace: 
  Error: https://registry.yarnpkg.com/-/user/org.couchdb.user:joseonofre: That email has already been registered.
      at Request.params.callback [as _callback] (/home/joseonofre/.nvm/versions/node/v14.17.0/lib/node_modules/yarn/lib/cli.js:66988:18)
      at Request.self.callback (/home/joseonofre/.nvm/versions/node/v14.17.0/lib/node_modules/yarn/lib/cli.js:140662:22)
      at Request.emit (events.js:376:20)
      at Request.<anonymous> (/home/joseonofre/.nvm/versions/node/v14.17.0/lib/node_modules/yarn/lib/cli.js:141634:10)
      at Request.emit (events.js:376:20)
      at IncomingMessage.<anonymous> (/home/joseonofre/.nvm/versions/node/v14.17.0/lib/node_modules/yarn/lib/cli.js:141556:12)
      at Object.onceWrapper (events.js:482:28)
      at IncomingMessage.emit (events.js:388:22)
      at endReadableNT (internal/streams/readable.js:1336:12)
      at processTicksAndRejections (internal/process/task_queues.js:82:21)

npm manifest: 
  {
    "name": "bb-track",
    "version": "1.0.6",
    "description": "",
    "main": "dist/index.js",
    "types": "dist/index.d.ts",
    "files": [
      "/dist"
    ],
    "scripts": {
      "build": "tsc --build",
      "publish": "tsc --build && npm publish .",
      "clean": "tsc --build --clean"
    },
    "author": "",
    "license": "ISC",
    "dependencies": {},
    "devDependencies": {
      "typescript": "^4.3.4"
    }
  }

yarn manifest: 
  No manifest

Lockfile: 
  # THIS IS AN AUTOGENERATED FILE. DO NOT EDIT THIS FILE DIRECTLY.
  # yarn lockfile v1
  
  
  typescript@^4.3.4:
    version "4.3.5"
    resolved "https://registry.yarnpkg.com/typescript/-/typescript-4.3.5.tgz#4d1c37cc16e893973c45a06886b7113234f119f4"
    integrity sha512-DqQgihaQ9cUrskJo9kIyW/+g0Vxsk8cDtZ52a3NGh0YNTfpUSArXSohyUGnvbPazEPLu398C0UxmKSOrPumUzA==
